<?xml version="1.0" encoding="UTF-8"?>
<testng-results skipped="0" failed="0" total="1" passed="1">
  <reporter-output>
  </reporter-output>
  <suite name="Suite" duration-ms="70197" started-at="2019-02-21T07:00:42Z" finished-at="2019-02-21T07:01:52Z">
    <groups>
    </groups>
    <test name="Test" duration-ms="70197" started-at="2019-02-21T07:00:42Z" finished-at="2019-02-21T07:01:52Z">
      <class name="mypackage.SwitchWindowExample">
        <test-method status="PASS" signature="printChildWindowTitles()[pri:0, instance:mypackage.SwitchWindowExample@101b7af]" name="printChildWindowTitles" duration-ms="70172" started-at="2019-02-21T12:30:42Z" finished-at="2019-02-21T12:31:52Z">
          <reporter-output>
          </reporter-output>
        </test-method> <!-- printChildWindowTitles -->
      </class> <!-- mypackage.SwitchWindowExample -->
    </test> <!-- Test -->
  </suite> <!-- Suite -->
</testng-results>
